<?xml version="1.0" encoding="UTF-8"?>
<!-- Generated by org.testng.reporters.JUnitReportReporter -->
<testsuite skipped="0" hostname="LAPTOP-3S76NEOD" name="com.nord.feTest.HelpPageTest" tests="1" failures="0" timestamp="2022-11-17T01:23:23 CET" time="2.924" errors="0">
  <testcase name="FAQTest" time="2.924" classname="com.nord.feTest.HelpPageTest"/>
  <system-out/>
</testsuite> <!-- com.nord.feTest.HelpPageTest -->
